[debug] [2024-05-10T23:35:19.076Z] ----------------------------------------------------------------------
[debug] [2024-05-10T23:35:19.077Z] Command:       C:\Program Files\nodejs\node.exe C:\Program Files\nodejs\node_modules\firebase-tools\lib\bin\firebase.js init
[debug] [2024-05-10T23:35:19.077Z] CLI Version:   12.9.1
[debug] [2024-05-10T23:35:19.077Z] Platform:      win32
[debug] [2024-05-10T23:35:19.077Z] Node Version:  v18.16.1
[debug] [2024-05-10T23:35:19.078Z] Time:          Fri May 10 2024 20:35:19 GMT-0300 (Horário Padrão de Brasília)
[debug] [2024-05-10T23:35:19.078Z] ----------------------------------------------------------------------
[debug] 
[debug] [2024-05-10T23:35:19.081Z] > command requires scopes: ["email","openid","https://www.googleapis.com/auth/cloudplatformprojects.readonly","https://www.googleapis.com/auth/firebase","https://www.googleapis.com/auth/cloud-platform"]
[debug] [2024-05-10T23:35:19.082Z] > authorizing via signed-in user (matheuskauva2017@gmail.com)
[info] 
     ######## #### ########  ######## ########     ###     ######  ########
     ##        ##  ##     ## ##       ##     ##  ##   ##  ##       ##
     ######    ##  ########  ######   ########  #########  ######  ######
     ##        ##  ##    ##  ##       ##     ## ##     ##       ## ##
     ##       #### ##     ## ######## ########  ##     ##  ######  ########

You're about to initialize a Firebase project in this directory:

  C:\projetos\pessoais\repositorios\SocialIntegration\SocialIntegrationFront

Before we get started, keep in mind:

  * You are currently outside your home directory

